<?xml version="1.0" encoding="UTF-8"?>
<!-- Generated by org.testng.reporters.JUnitReportReporter -->
<testsuite hostname="RAVIG-WIN10" failures="0" tests="1" name="TestRunner.CucumberTestRunner" time="3.287" errors="0" timestamp="2024-11-25T07:18:35 GMT-08:00" skipped="0">
  <testcase classname="TestRunner.CucumberTestRunner" name="runScenario" time="3.287"/>
</testsuite> <!-- TestRunner.CucumberTestRunner -->
